2025-01-16 07:11:03 Daemon died, spawning replacement...
2025-01-16 07:11:04 Daemon died, spawning replacement...
2025-01-16 07:11:04 Daemon died, spawning replacement...
2025-01-16 07:11:05 Daemon died, spawning replacement...
2025-01-16 07:33:56 Daemon died, spawning replacement...
2025-01-16 07:33:57 API died, spawning replacement...
2025-01-16 07:33:57 Block unlocker died, spawning replacement...
2025-01-16 07:33:57 Payment processor died, spawning replacement...
2025-01-16 07:33:57 Pool fork 8 died, spawning replacement worker...
2025-01-16 07:33:57 Pool fork 15 died, spawning replacement worker...
2025-01-16 07:33:57 Pool fork 10 died, spawning replacement worker...
2025-01-16 07:33:57 Pool fork 2 died, spawning replacement worker...
2025-01-16 07:33:57 Pool fork 7 died, spawning replacement worker...
2025-01-16 07:33:57 Pool fork 5 died, spawning replacement worker...
2025-01-16 07:33:57 Pool fork 4 died, spawning replacement worker...
2025-01-16 07:33:57 Pool fork 6 died, spawning replacement worker...
2025-01-16 07:33:57 Pool fork 16 died, spawning replacement worker...
2025-01-16 07:33:57 Pool fork 1 died, spawning replacement worker...
2025-01-16 07:33:57 Pool fork 9 died, spawning replacement worker...
2025-01-16 07:33:57 Pool fork 12 died, spawning replacement worker...
2025-01-16 07:33:57 Pool fork 11 died, spawning replacement worker...
2025-01-16 07:33:57 Pool fork 14 died, spawning replacement worker...
2025-01-16 07:33:57 Pool fork 3 died, spawning replacement worker...
2025-01-16 07:33:57 Pool fork 13 died, spawning replacement worker...
2025-01-16 07:33:57 Daemon died, spawning replacement...
2025-01-16 07:33:58 Daemon died, spawning replacement...
2025-01-16 07:33:59 Daemon died, spawning replacement...
2025-01-16 07:33:59 Daemon died, spawning replacement...
2025-01-16 07:34:00 Daemon died, spawning replacement...
2025-01-16 07:34:54 Daemon died, spawning replacement...
2025-01-16 07:34:55 Daemon died, spawning replacement...
2025-01-16 07:34:55 Daemon died, spawning replacement...
2025-01-16 07:34:56 Daemon died, spawning replacement...
2025-01-16 07:34:56 Daemon died, spawning replacement...
2025-01-16 07:34:57 Daemon died, spawning replacement...
2025-01-16 07:34:58 Daemon died, spawning replacement...
2025-01-16 07:34:58 Daemon died, spawning replacement...
