2025-01-16 05:52:40 Starting Cryptonote Node.JS pool version v2.0.0
2025-01-16 05:52:44 Developer donation (devDonation) is set to 0.1%, Please consider raising it to 0.2% or higher !!!
2025-01-16 05:53:57 Starting KAS Node.JS pool version v1.0.0
2025-01-16 05:53:57 Developer donation (devDonation) is set to 0.1%, Please consider raising it to 0.2% or higher !!!
2025-01-16 05:56:40 Starting KAS Node.JS pool version v1.0.0
2025-01-16 05:56:41 Developer donation (devDonation) is set to 0%, Please consider raising it to 0.2% or higher !!!
2025-01-16 05:57:46 Starting KAS Node.JS pool version v1.0.0
2025-01-16 05:57:47 Developer donation (devDonation) is set to 0.1%, Please consider raising it to 0.2% or higher !!!
2025-01-16 06:04:26 Starting KAS Node.JS pool version v1.0.0
2025-01-16 06:07:13 Starting KAS Node.JS pool version v1.0.0
2025-01-16 06:09:50 Starting KAS Node.JS pool version v1.0.0
2025-01-16 06:11:59 Starting KAS Node.JS pool version v1.0.0
2025-01-16 06:12:13 Starting KAS Node.JS pool version v1.0.0
2025-01-16 06:12:40 Starting KAS Node.JS pool version v1.0.0
2025-01-16 06:19:35 Starting KAS Node.JS pool version v1.0.0
2025-01-16 06:21:32 Starting KAS Node.JS pool version v1.0.0
2025-01-16 06:22:42 Starting KAS Node.JS pool version v1.0.0
2025-01-16 06:25:14 Starting KAS Node.JS pool version v1.0.0
2025-01-16 06:25:34 Starting KAS Node.JS pool version v1.0.0
2025-01-16 06:26:55 Starting KAS Node.JS pool version v1.0.0
2025-01-16 06:28:38 Starting KAS Node.JS pool version v1.0.0
2025-01-16 06:28:38 Redis client connected successfully
2025-01-16 06:28:38 Redis client is ready to use
2025-01-16 06:29:32 Starting KAS Node.JS pool version v1.0.0
2025-01-16 06:29:32 Redis client connected successfully
2025-01-16 06:29:32 Redis client is ready to use
2025-01-16 06:30:08 Starting KAS Node.JS pool version v1.0.0
2025-01-16 06:30:08 Redis client connected successfully
2025-01-16 06:30:08 Redis client is ready to use
2025-01-16 06:31:08 Starting KAS Node.JS pool version v1.0.0
2025-01-16 06:31:08 Redis client connected successfully
2025-01-16 06:31:08 Redis client is ready to use
